\BOOKMARK [1][-]{section.1}{\376\377\152\041\127\213\151\202\217\360}{}% 1
\BOOKMARK [1][-]{section.2}{\376\377\133\214\145\164\137\256\122\006\145\271\172\013\176\304}{}% 2
\BOOKMARK [2][-]{subsection.2.1}{\376\377\206\212\206\153\154\064\165\037\226\066\153\265}{section.2}% 3
\BOOKMARK [2][-]{subsection.2.2}{\376\377\206\212\206\153\142\020\206\153\226\066\153\265\000\040\000\050\000S\000E\000I\000\051}{section.2}% 4
\BOOKMARK [2][-]{subsection.2.3}{\376\377\116\272\177\244\122\250\140\001\000\040\000\050\000S\000E\000I\000R\000\051}{section.2}% 5
\BOOKMARK [2][-]{subsection.2.4}{\376\377\153\317\124\150\145\260\123\321\165\305\117\213}{section.2}% 6
\BOOKMARK [1][-]{section.3}{\376\377\156\051\136\246\117\235\215\126\123\302\145\160}{}% 7
\BOOKMARK [2][-]{subsection.3.1}{\376\377\116\247\123\165\163\207}{section.3}% 8
\BOOKMARK [2][-]{subsection.3.2}{\376\377\123\321\200\262\163\207}{section.3}% 9
\BOOKMARK [2][-]{subsection.3.3}{\376\377\153\173\116\241\163\207}{section.3}% 10
\BOOKMARK [2][-]{subsection.3.4}{\376\377\123\356\124\254\116\016\117\040\144\255}{section.3}% 11
\BOOKMARK [2][-]{subsection.3.5}{\376\377\131\026\157\134\117\017\147\037\000\040\000\050\000E\000I\000P\000\051}{section.3}% 12
\BOOKMARK [1][-]{section.4}{\376\377\126\372\133\232\123\302\145\160}{}% 13
\BOOKMARK [1][-]{section.5}{\376\377\117\060\213\241\123\302\145\160\377\010\220\032\217\307\117\030\123\026\377\011}{}% 14
\BOOKMARK [1][-]{section.6}{\376\377\000B\000I\000\040\150\041\153\143\147\072\122\066}{}% 15
\BOOKMARK [2][-]{subsection.6.1}{\376\377\000B\000I\137\122\116\000\123\026}{section.6}% 16
\BOOKMARK [2][-]{subsection.6.2}{\376\377\150\041\153\143\145\271\137\017}{section.6}% 17
\BOOKMARK [2][-]{subsection.6.3}{\376\377\232\214\213\301\143\007\150\007}{section.6}% 18
\BOOKMARK [1][-]{section.7}{\376\377\127\372\147\054\121\215\165\037\145\160\000\040\000R\0000}{}% 19
\BOOKMARK [1][-]{section.8}{\376\377\145\366\225\364\134\072\136\246\213\364\146\016}{}% 20
\BOOKMARK [1][-]{section.9}{\376\377\152\041\127\213\176\323\147\204\126\376}{}% 21
\BOOKMARK [1][-]{section.10}{\376\377\152\041\127\213\140\047\200\375\377\010\0002\0000\0001\0005\000-\0002\0000\0001\0009\136\177\116\034\145\160\143\156\377\011}{}% 22
\BOOKMARK [1][-]{section.11}{\376\377\173\046\123\367\126\336\137\122\142\151\134\125\377\010\137\205\133\236\163\260\377\011}{}% 23
